<?xml version="1.0" encoding="UTF-8"?>
<!-- Generated by org.testng.reporters.JUnitReportReporter -->
<testsuite skipped="3" hostname="SW0198" name="com.phpdemo.qa.testcases.HomePageTest" tests="4" failures="0" timestamp="30 Jul 2018 10:57:02 GMT" time="23.027" errors="0">
  <testcase name="clickQuickBookingsNenterDetailsTest" time="23.027" classname="com.phpdemo.qa.testcases.HomePageTest"/>
  <testcase name="validateProfileBtnTest" classname="com.phpdemo.qa.testcases.HomePageTest">
    <skipped/>
  </testcase> <!-- validateProfileBtnTest -->
  <testcase name="getAllAcctsSubMenusTest" classname="com.phpdemo.qa.testcases.HomePageTest">
    <skipped/>
  </testcase> <!-- getAllAcctsSubMenusTest -->
  <testcase name="validateTitlepageTest" classname="com.phpdemo.qa.testcases.HomePageTest">
    <skipped/>
  </testcase> <!-- validateTitlepageTest -->
</testsuite> <!-- com.phpdemo.qa.testcases.HomePageTest -->
