<?xml version="1.0" encoding="UTF-8"?>
<!-- Generated by org.testng.reporters.JUnitReportReporter -->
<testsuite skipped="0" hostname="SW0198" name="com.phpdemo.qa.testcases.HomePageTest" tests="3" failures="0" timestamp="24 Jul 2018 11:37:31 GMT" time="50.475" errors="0">
  <testcase name="getAllAcctsSubMenusTest" time="16.521" classname="com.phpdemo.qa.testcases.HomePageTest"/>
  <testcase name="validateProfileBtnTest" time="17.564" classname="com.phpdemo.qa.testcases.HomePageTest"/>
  <testcase name="validateTitlepageTest" time="16.390" classname="com.phpdemo.qa.testcases.HomePageTest"/>
</testsuite> <!-- com.phpdemo.qa.testcases.HomePageTest -->
