<?xml version="1.0" encoding="UTF-8"?>
<!-- Generated by org.testng.reporters.JUnitReportReporter -->
<testsuite name="com.phpdemo.qa.testcases.AddAdminTest" tests="2" time="113.061" ignored="0" failures="0" timestamp="26 Jul 2018 14:27:49 GMT" skipped="0" hostname="SW0198" errors="0">
  <testcase name="createAddAdminTest" time="91.113" classname="com.phpdemo.qa.testcases.AddAdminTest"/>
  <testcase name="validateAddAdminPageTitleTest" time="21.948" classname="com.phpdemo.qa.testcases.AddAdminTest"/>
</testsuite> <!-- com.phpdemo.qa.testcases.AddAdminTest -->
