<?xml version="1.0" encoding="UTF-8"?>
<!-- Generated by org.testng.reporters.JUnitReportReporter -->
<testsuite name="com.phpdemo.qa.testcases.HomePageTest" tests="3" time="50.736" ignored="0" failures="0" timestamp="26 Jul 2018 14:27:49 GMT" skipped="0" hostname="SW0198" errors="0">
  <testcase name="validateProfileBtnTest" time="15.352" classname="com.phpdemo.qa.testcases.HomePageTest"/>
  <testcase name="getAllAcctsSubMenusTest" time="17.609" classname="com.phpdemo.qa.testcases.HomePageTest"/>
  <testcase name="validateTitlepageTest" time="17.775" classname="com.phpdemo.qa.testcases.HomePageTest"/>
</testsuite> <!-- com.phpdemo.qa.testcases.HomePageTest -->
