<?xml version="1.0" encoding="UTF-8"?>
<!-- Generated by org.testng.reporters.JUnitReportReporter -->
<testsuite name="com.phpdemo.qa.testcases.HomePageTest" tests="3" time="47.662" ignored="0" failures="0" timestamp="25 Jul 2018 17:06:51 GMT" skipped="0" hostname="SW0198" errors="0">
  <testcase name="validateTitlepageTest" time="17.732" classname="com.phpdemo.qa.testcases.HomePageTest"/>
  <testcase name="getAllAcctsSubMenusTest" time="15.243" classname="com.phpdemo.qa.testcases.HomePageTest"/>
  <testcase name="validateProfileBtnTest" time="14.687" classname="com.phpdemo.qa.testcases.HomePageTest"/>
</testsuite> <!-- com.phpdemo.qa.testcases.HomePageTest -->
