<?xml version="1.0" encoding="UTF-8"?>
<!-- Generated by org.testng.reporters.JUnitReportReporter -->
<testsuite name="com.phpdemo.qa.testcases.AddAdminTest" tests="2" time="131.209" ignored="0" failures="0" timestamp="25 Jul 2018 17:06:51 GMT" skipped="0" hostname="SW0198" errors="0">
  <testcase name="validateAddAdminPageTitleTest" time="22.982" classname="com.phpdemo.qa.testcases.AddAdminTest"/>
  <testcase name="createAddAdminTest" time="108.227" classname="com.phpdemo.qa.testcases.AddAdminTest"/>
</testsuite> <!-- com.phpdemo.qa.testcases.AddAdminTest -->
